\BOOKMARK [1][-]{section.1}{Introduction}{}% 1
\BOOKMARK [1][-]{section.2}{Classe\040et\040Objet}{}% 2
\BOOKMARK [2][-]{subsection.2.1}{Définitions}{section.2}% 3
\BOOKMARK [2][-]{subsection.2.2}{Création de classe en Python}{section.2}% 4
\BOOKMARK [2][-]{subsection.2.3}{Exemple\040:\040Une\040classe\040pour\040comptes\040bancaires}{section.2}% 5
\BOOKMARK [2][-]{subsection.2.4}{Création d'objets en Python}{section.2}% 6
\BOOKMARK [2][-]{subsection.2.5}{Constructeur}{section.2}% 7
\BOOKMARK [2][-]{subsection.2.6}{Destructeur}{section.2}% 8
\BOOKMARK [1][-]{section.3}{Méthodes spéciales et surcharge des opérateurs}{}% 9
\BOOKMARK [2][-]{subsection.3.1}{Surcharge\040de\040l'appel\040fonctionnel}{section.3}% 10
\BOOKMARK [2][-]{subsection.3.2}{Représentation formelle d'un objet}{section.3}% 11
\BOOKMARK [2][-]{subsection.3.3}{Représentation informelle d'un objet}{section.3}% 12
\BOOKMARK [2][-]{subsection.3.4}{Surcharge des opérateurs}{section.3}% 13
\BOOKMARK [2][-]{subsection.3.5}{Exemple\040:\040Classe\040pour\040les\040vecteurs\040dans\040le\040plan}{section.3}% 14
\BOOKMARK [1][-]{section.4}{Héritage et polymorphisme}{}% 15
\BOOKMARK [2][-]{subsection.4.1}{Exemple d'héritage et de polymorphisme}{section.4}% 16
\BOOKMARK [2][-]{subsection.4.2}{Exemple d'héritage et de dérivation}{section.4}% 17
\BOOKMARK [1][-]{section.5}{Application : Création des classes Pile et File}{}% 18
\BOOKMARK [2][-]{subsection.5.1}{La\040classe\040Pile}{section.5}% 19
\BOOKMARK [2][-]{subsection.5.2}{La\040classe\040File}{section.5}% 20
\BOOKMARK [2][-]{subsection.5.3}{Exemple\040d'inversion\040d'une\040pile}{section.5}% 21
